0 info it worked if it ends with ok
1 verbose cli [ 'C:\\Program Files\\nodejs\\node.exe',
1 verbose cli   'C:\\Program Files\\nodejs\\node_modules\\npm\\bin\\npm-cli.js',
1 verbose cli   'run',
1 verbose cli   'build-ui-dev' ]
2 info using npm@3.10.10
3 info using node@v6.10.2
4 verbose run-script [ 'prebuild-ui-dev', 'build-ui-dev', 'postbuild-ui-dev' ]
5 info lifecycle vue2.0_webpack1.0_2017_07_07@1.0.0~prebuild-ui-dev: vue2.0_webpack1.0_2017_07_07@1.0.0
6 silly lifecycle vue2.0_webpack1.0_2017_07_07@1.0.0~prebuild-ui-dev: no script for prebuild-ui-dev, continuing
7 info lifecycle vue2.0_webpack1.0_2017_07_07@1.0.0~build-ui-dev: vue2.0_webpack1.0_2017_07_07@1.0.0
8 verbose lifecycle vue2.0_webpack1.0_2017_07_07@1.0.0~build-ui-dev: unsafe-perm in lifecycle true
9 verbose lifecycle vue2.0_webpack1.0_2017_07_07@1.0.0~build-ui-dev: PATH: C:\Users\Think\AppData\Roaming\nvm\v6.10.2\node_modules\npm\bin\node-gyp-bin;E:\github\demo-exercise\pingAnFaceBank\node_modules\.bin;C:\Program Files (x86)\Intel\iCLS Client\;C:\Program Files\Intel\iCLS Client\;C:\windows\system32;C:\windows;C:\windows\System32\Wbem;C:\windows\System32\WindowsPowerShell\v1.0\;C:\Program Files\Intel\Intel(R) Management Engine Components\DAL;C:\Program Files\Intel\Intel(R) Management Engine Components\IPT;C:\Program Files (x86)\Intel\Intel(R) Management Engine Components\DAL;C:\Program Files (x86)\Intel\Intel(R) Management Engine Components\IPT;C:\Program Files (x86)\ATI Technologies\ATI.ACE\Core-Static;C:\Program Files\Intel\WiFi\bin\;C:\Program Files\Common Files\Intel\WirelessCommon\;C:\Program Files (x86)\Common Files\Lenovo;C:\ProgramData\Lenovo\ReadyApps;C:\Program Files\PuTTY\;C:\Users\Think\AppData\Roaming\nvm;C:\Program Files\nodejs;C:\Users\Think\AppData\Local\Programs\Python\Python36\Scripts\;C:\Users\Think\AppData\Local\Programs\Python\Python36\;C:\Users\Think\AppData\Roaming\npm;C:\Users\Think\AppData\Roaming\nvm;C:\Program Files\nodejs;C:\Users\Think\AppData\Local\GitHubDesktop\bin;C:\Program Files\Microsoft VS Code\bin
10 verbose lifecycle vue2.0_webpack1.0_2017_07_07@1.0.0~build-ui-dev: CWD: E:\github\demo-exercise\pingAnFaceBank
11 silly lifecycle vue2.0_webpack1.0_2017_07_07@1.0.0~build-ui-dev: Args: [ '/d /s /c', 'babel-node ./build/build-ui-dev' ]
12 silly lifecycle vue2.0_webpack1.0_2017_07_07@1.0.0~build-ui-dev: Returned: code: 3221225786  signal: null
13 info lifecycle vue2.0_webpack1.0_2017_07_07@1.0.0~build-ui-dev: Failed to exec build-ui-dev script
14 verbose stack Error: vue2.0_webpack1.0_2017_07_07@1.0.0 build-ui-dev: `babel-node ./build/build-ui-dev`
14 verbose stack Exit status 3221225786
14 verbose stack     at EventEmitter.<anonymous> (C:\Users\Think\AppData\Roaming\nvm\v6.10.2\node_modules\npm\lib\utils\lifecycle.js:255:16)
14 verbose stack     at emitTwo (events.js:106:13)
14 verbose stack     at EventEmitter.emit (events.js:191:7)
14 verbose stack     at ChildProcess.<anonymous> (C:\Users\Think\AppData\Roaming\nvm\v6.10.2\node_modules\npm\lib\utils\spawn.js:40:14)
14 verbose stack     at emitTwo (events.js:106:13)
14 verbose stack     at ChildProcess.emit (events.js:191:7)
14 verbose stack     at maybeClose (internal/child_process.js:886:16)
14 verbose stack     at Process.ChildProcess._handle.onexit (internal/child_process.js:226:5)
15 verbose pkgid vue2.0_webpack1.0_2017_07_07@1.0.0
16 verbose cwd E:\github\demo-exercise\pingAnFaceBank
17 error Windows_NT 6.1.7601
18 error argv "C:\\Program Files\\nodejs\\node.exe" "C:\\Program Files\\nodejs\\node_modules\\npm\\bin\\npm-cli.js" "run" "build-ui-dev"
19 error node v6.10.2
20 error npm  v3.10.10
21 error code ELIFECYCLE
22 error vue2.0_webpack1.0_2017_07_07@1.0.0 build-ui-dev: `babel-node ./build/build-ui-dev`
22 error Exit status 3221225786
23 error Failed at the vue2.0_webpack1.0_2017_07_07@1.0.0 build-ui-dev script 'babel-node ./build/build-ui-dev'.
23 error Make sure you have the latest version of node.js and npm installed.
23 error If you do, this is most likely a problem with the vue2.0_webpack1.0_2017_07_07 package,
23 error not with npm itself.
23 error Tell the author that this fails on your system:
23 error     babel-node ./build/build-ui-dev
23 error You can get information on how to open an issue for this project with:
23 error     npm bugs vue2.0_webpack1.0_2017_07_07
23 error Or if that isn't available, you can get their info via:
23 error     npm owner ls vue2.0_webpack1.0_2017_07_07
23 error There is likely additional logging output above.
24 verbose exit [ 1, true ]
