0 info it worked if it ends with ok
1 verbose cli [ 'C:\\Program Files\\nodejs\\node.exe',
1 verbose cli   'C:\\Program Files\\nodejs\\node_modules\\npm\\bin\\npm-cli.js',
1 verbose cli   'run',
1 verbose cli   'build-dev' ]
2 info using npm@3.10.10
3 info using node@v6.10.2
4 verbose run-script [ 'prebuild-dev', 'build-dev', 'postbuild-dev' ]
5 info lifecycle vue2.0_webpack1.0_2017_07_07@1.0.0~prebuild-dev: vue2.0_webpack1.0_2017_07_07@1.0.0
6 silly lifecycle vue2.0_webpack1.0_2017_07_07@1.0.0~prebuild-dev: no script for prebuild-dev, continuing
7 info lifecycle vue2.0_webpack1.0_2017_07_07@1.0.0~build-dev: vue2.0_webpack1.0_2017_07_07@1.0.0
8 verbose lifecycle vue2.0_webpack1.0_2017_07_07@1.0.0~build-dev: unsafe-perm in lifecycle true
9 verbose lifecycle vue2.0_webpack1.0_2017_07_07@1.0.0~build-dev: PATH: C:\Users\Think\AppData\Roaming\nvm\v6.10.2\node_modules\npm\bin\node-gyp-bin;E:\github\demo-exercise\pingAnFaceBank_1.5.5\node_modules\.bin;C:\Program Files (x86)\Intel\iCLS Client\;C:\Program Files\Intel\iCLS Client\;C:\windows\system32;C:\windows;C:\windows\System32\Wbem;C:\windows\System32\WindowsPowerShell\v1.0\;C:\Program Files\Intel\Intel(R) Management Engine Components\DAL;C:\Program Files\Intel\Intel(R) Management Engine Components\IPT;C:\Program Files (x86)\Intel\Intel(R) Management Engine Components\DAL;C:\Program Files (x86)\Intel\Intel(R) Management Engine Components\IPT;C:\Program Files (x86)\ATI Technologies\ATI.ACE\Core-Static;C:\Program Files\Intel\WiFi\bin\;C:\Program Files\Common Files\Intel\WirelessCommon\;C:\Program Files (x86)\Common Files\Lenovo;C:\ProgramData\Lenovo\ReadyApps;C:\Program Files\PuTTY\;C:\Users\Think\AppData\Roaming\nvm;C:\Program Files\nodejs;C:\Users\Think\AppData\Local\Programs\Python\Python36\Scripts\;C:\Users\Think\AppData\Local\Programs\Python\Python36\;C:\Users\Think\AppData\Roaming\npm;C:\Users\Think\AppData\Roaming\nvm;C:\Program Files\nodejs;C:\Users\Think\AppData\Local\GitHubDesktop\bin;C:\Program Files\Microsoft VS Code\bin
10 verbose lifecycle vue2.0_webpack1.0_2017_07_07@1.0.0~build-dev: CWD: E:\github\demo-exercise\pingAnFaceBank_1.5.5
11 silly lifecycle vue2.0_webpack1.0_2017_07_07@1.0.0~build-dev: Args: [ '/d /s /c', 'babel-node ./build/build-dev' ]
12 verbose stack Error: kill ENOSYS
12 verbose stack     at exports._errnoException (util.js:1018:11)
12 verbose stack     at process.kill (internal/process.js:190:13)
12 verbose stack     at process.listener (C:\Users\Think\AppData\Roaming\nvm\v6.10.2\node_modules\npm\node_modules\npmlog\node_modules\gauge\node_modules\signal-exit\index.js:86:15)
12 verbose stack     at emitNone (events.js:91:20)
12 verbose stack     at process.emit (events.js:185:7)
12 verbose stack     at processEmit (C:\Users\Think\AppData\Roaming\nvm\v6.10.2\node_modules\npm\node_modules\npmlog\node_modules\gauge\node_modules\signal-exit\index.js:146:32)
12 verbose stack     at processEmit (C:\Users\Think\AppData\Roaming\nvm\v6.10.2\node_modules\npm\node_modules\npm-registry-client\node_modules\npmlog\node_modules\gauge\node_modules\signal-exit\index.js:146:32)
12 verbose stack     at Signal.wrap.onsignal (internal/process.js:217:44)
13 verbose cwd E:\github\demo-exercise\pingAnFaceBank_1.5.5
14 error Windows_NT 6.1.7601
15 error argv "C:\\Program Files\\nodejs\\node.exe" "C:\\Program Files\\nodejs\\node_modules\\npm\\bin\\npm-cli.js" "run" "build-dev"
16 error node v6.10.2
17 error npm  v3.10.10
18 error code ENOSYS
19 error errno ENOSYS
20 error syscall kill
21 error kill ENOSYS
22 error If you need help, you may report this error at:
22 error     <https://github.com/npm/npm/issues>
23 verbose exit [ 1, true ]
