0 info it worked if it ends with ok
1 verbose cli [ 'C:\\Program Files\\nodejs\\node.exe',
1 verbose cli   'C:\\Program Files\\nodejs\\node_modules\\npm\\bin\\npm-cli.js',
1 verbose cli   'run',
1 verbose cli   'dev_win' ]
2 info using npm@3.10.10
3 info using node@v6.10.3
4 verbose run-script [ 'predev_win', 'dev_win', 'postdev_win' ]
5 info lifecycle imooc-happymall@1.0.0~predev_win: imooc-happymall@1.0.0
6 silly lifecycle imooc-happymall@1.0.0~predev_win: no script for predev_win, continuing
7 info lifecycle imooc-happymall@1.0.0~dev_win: imooc-happymall@1.0.0
8 verbose lifecycle imooc-happymall@1.0.0~dev_win: unsafe-perm in lifecycle true
9 verbose lifecycle imooc-happymall@1.0.0~dev_win: PATH: C:\Program Files\nodejs\node_modules\npm\bin\node-gyp-bin;D:\00000-github\demo-exercise\imooc-happymall\node_modules\.bin;C:\Program Files (x86)\Intel\iCLS Client\;C:\Program Files\Intel\iCLS Client\;C:\Windows\system32;C:\Windows;C:\Windows\System32\Wbem;C:\Windows\System32\WindowsPowerShell\v1.0\;C:\Program Files (x86)\Intel\Intel(R) Management Engine Components\DAL;C:\Program Files\Intel\Intel(R) Management Engine Components\DAL;C:\Program Files (x86)\Intel\Intel(R) Management Engine Components\IPT;C:\Program Files\Intel\Intel(R) Management Engine Components\IPT;C:\Program Files (x86)\NVIDIA Corporation\PhysX\Common;C:\Program Files\nodejs\;C:\Users\hexing\AppData\Roaming\npm
10 verbose lifecycle imooc-happymall@1.0.0~dev_win: CWD: D:\00000-github\demo-exercise\imooc-happymall
11 silly lifecycle imooc-happymall@1.0.0~dev_win: Args: [ '/d /s /c',
11 silly lifecycle   'set WEBPACK_ENV=dev && webpack-dev-server --inline --port 8088' ]
12 verbose stack Error: kill ENOSYS
12 verbose stack     at exports._errnoException (util.js:1018:11)
12 verbose stack     at process.kill (internal/process.js:190:13)
12 verbose stack     at process.listener (C:\Program Files\nodejs\node_modules\npm\node_modules\npmlog\node_modules\gauge\node_modules\signal-exit\index.js:86:15)
12 verbose stack     at emitNone (events.js:91:20)
12 verbose stack     at process.emit (events.js:185:7)
12 verbose stack     at processEmit (C:\Program Files\nodejs\node_modules\npm\node_modules\npmlog\node_modules\gauge\node_modules\signal-exit\index.js:146:32)
12 verbose stack     at processEmit (C:\Program Files\nodejs\node_modules\npm\node_modules\npm-registry-client\node_modules\npmlog\node_modules\gauge\node_modules\signal-exit\index.js:146:32)
12 verbose stack     at Signal.wrap.onsignal (internal/process.js:217:44)
13 verbose cwd D:\00000-github\demo-exercise\imooc-happymall
14 error Windows_NT 10.0.10586
15 error argv "C:\\Program Files\\nodejs\\node.exe" "C:\\Program Files\\nodejs\\node_modules\\npm\\bin\\npm-cli.js" "run" "dev_win"
16 error node v6.10.3
17 error npm  v3.10.10
18 error code ENOSYS
19 error errno ENOSYS
20 error syscall kill
21 error kill ENOSYS
22 error If you need help, you may report this error at:
22 error     <https://github.com/npm/npm/issues>
23 verbose exit [ 1, true ]
